d:\other\pet_projects\pac-man\pac-man\x64\debug\vc143.pdb
d:\other\pet_projects\pac-man\pac-man\x64\debug\vc143.idb
d:\other\pet_projects\pac-man\pac-man\x64\debug\pacman.obj
d:\other\pet_projects\pac-man\pac-man\x64\debug\mapcollision.obj
d:\other\pet_projects\pac-man\pac-man\x64\debug\main.obj
d:\other\pet_projects\pac-man\pac-man\x64\debug\ghostmanager.obj
d:\other\pet_projects\pac-man\pac-man\x64\debug\ghost.obj
d:\other\pet_projects\pac-man\pac-man\x64\debug\drawtext.obj
d:\other\pet_projects\pac-man\pac-man\x64\debug\drawmap.obj
d:\other\pet_projects\pac-man\pac-man\x64\debug\convertsketch.obj
d:\other\pet_projects\pac-man\x64\debug\pac-man.exe
d:\other\pet_projects\pac-man\pac-man\x64\debug\pac-man.ilk
d:\other\pet_projects\pac-man\x64\debug\pac-man.pdb
d:\other\pet_projects\pac-man\pac-man\x64\debug\pac-man.res
d:\other\pet_projects\pac-man\pac-man\x64\debug\pac-man.tlog\cl.command.1.tlog
d:\other\pet_projects\pac-man\pac-man\x64\debug\pac-man.tlog\cl.read.1.tlog
d:\other\pet_projects\pac-man\pac-man\x64\debug\pac-man.tlog\cl.write.1.tlog
d:\other\pet_projects\pac-man\pac-man\x64\debug\pac-man.tlog\link.command.1.tlog
d:\other\pet_projects\pac-man\pac-man\x64\debug\pac-man.tlog\link.read.1.tlog
d:\other\pet_projects\pac-man\pac-man\x64\debug\pac-man.tlog\link.write.1.tlog
d:\other\pet_projects\pac-man\pac-man\x64\debug\pac-man.tlog\rc.command.1.tlog
d:\other\pet_projects\pac-man\pac-man\x64\debug\pac-man.tlog\rc.read.1.tlog
d:\other\pet_projects\pac-man\pac-man\x64\debug\pac-man.tlog\rc.write.1.tlog
